□□□□□□□□□□□□□□□□□□□□
□□□□□□□□□□□□□□□□□□□□
□□□□□■■□□□□□□■■□□□□□
□□□□■□■□□□□□□■□■□□□□
□□□□■□□□□□□□□□□■□□□□
□■■□■■□□□□□□□□■■□■■□
□■■□■□□■■■■■■□□■□■■□
□□□□■□■□■□□■□■□■□□□□
□□□□■□■□■□□■□■□■□□□□
□■■□■□□■■■■■■□□■□■■□
□■■□■■□□□□□□□□■■□■■□
□□□□■□□□□□□□□□□■□□□□
□□□□■□■□□□□□□■□■□□□□
□□□□□■■□□□□□□■■□□□□□
□□□□□□□□□□□□□□□□□□□□
□□□□□□□□□□□□□□□□□□□□
Time: 0
Population: 72
□□□□□□□□□□□□□□□□□□□□
□□□□□□□□□□□□□□□□□□□□
□□□□□■■□□□□□□■■□□□□□
□□□□■□■□□□□□□■□■□□□□
□□□□■□□□□□□□□□□■□□□□
□■■□■■□□■■■■□□■■□■■□
□■■□■□■■■■■■■■□■□■■□
□□□□■□■□□□□□□■□■□□□□
□□□□■□■□□□□□□■□■□□□□
□■■□■□■■■■■■■■□■□■■□
□■■□■■□□■■■■□□■■□■■□
□□□□■□□□□□□□□□□■□□□□
□□□□■□■□□□□□□■□■□□□□
□□□□□■■□□□□□□■■□□□□□
□□□□□□□□□□□□□□□□□□□□
□□□□□□□□□□□□□□□□□□□□
Time: 1
Population: 80
□□□□□□□□□□□□□□□□□□□□
□□□□□□□□□□□□□□□□□□□□
□□□□□■■□□□□□□■■□□□□□
□□□□■□■□□□□□□■□■□□□□
□□□□■□□□□■■□□□□■□□□□
□■■□■□■□□□□□□■□■□■■□
□■■□■□■□□□□□□■□■□■■□
□□□□■□■□■■■■□■□■□□□□
□□□□■□■□■■■■□■□■□□□□
□■■□■□■□□□□□□■□■□■■□
□■■□■□■□□□□□□■□■□■■□
□□□□■□□□□■■□□□□■□□□□
□□□□■□■□□□□□□■□■□□□□
□□□□□■■□□□□□□■■□□□□□
□□□□□□□□□□□□□□□□□□□□
□□□□□□□□□□□□□□□□□□□□
Time: 2
Population: 72
□□□□□□□□□□□□□□□□□□□□
□□□□□□□□□□□□□□□□□□□□
□□□□□■■□□□□□□■■□□□□□
□□□□■□■□□□□□□■□■□□□□
□□□□■□□□□□□□□□□■□□□□
□■■□■□□□□□□□□□□■□■■□
□■■□■□■□□■■□□■□■□■■□
□□□□■□■□■□□■□■□■□□□□
□□□□■□■□■□□■□■□■□□□□
□■■□■□■□□■■□□■□■□■■□
□■■□■□□□□□□□□□□■□■■□
□□□□■□□□□□□□□□□■□□□□
□□□□■□■□□□□□□■□■□□□□
□□□□□■■□□□□□□■■□□□□□
□□□□□□□□□□□□□□□□□□□□
□□□□□□□□□□□□□□□□□□□□
Time: 3
Population: 64
□□□□□□□□□□□□□□□□□□□□
□□□□□□□□□□□□□□□□□□□□
□□□□□■■□□□□□□■■□□□□□
□□□□■□■□□□□□□■□■□□□□
□□□□■□□□□□□□□□□■□□□□
□■■□■□□□□□□□□□□■□■■□
□■■□■□□■□■■□■□□■□■■□
□□□□■□■□■□□■□■□■□□□□
□□□□■□■□■□□■□■□■□□□□
□■■□■□□■□■■□■□□■□■■□
□■■□■□□□□□□□□□□■□■■□
□□□□■□□□□□□□□□□■□□□□
□□□□■□■□□□□□□■□■□□□□
□□□□□■■□□□□□□■■□□□□□
□□□□□□□□□□□□□□□□□□□□
□□□□□□□□□□□□□□□□□□□□
Time: 4
Population: 64
□□□□□□□□□□□□□□□□□□□□
□□□□□□□□□□□□□□□□□□□□
□□□□□■■□□□□□□■■□□□□□
□□□□■□■□□□□□□■□■□□□□
□□□□■□□□□□□□□□□■□□□□
□■■□■■□□□□□□□□■■□■■□
□■■□■□□■■■■■■□□■□■■□
□□□□■□■□■□□■□■□■□□□□
□□□□■□■□■□□■□■□■□□□□
□■■□■□□■■■■■■□□■□■■□
□■■□■■□□□□□□□□■■□■■□
□□□□■□□□□□□□□□□■□□□□
□□□□■□■□□□□□□■□■□□□□
□□□□□■■□□□□□□■■□□□□□
□□□□□□□□□□□□□□□□□□□□
□□□□□□□□□□□□□□□□□□□□
Time: 5
Population: 72
