□□□□□□□□□□□□□□□□□□□□□□□□□□□□□□□□□□□□□□
□□□□□□□□□□□□□□□□□□□□□□□□□■□□□□□□□□□□□□
□□□□□□□□□□□□□□□□□□□□□□□■□■□□□□□□□□□□□□
□□□□□□□□□□□□□■■□□□□□□■■□□□□□□□□□□□□□□□
□□□□□□□□□□□□■□□□■□□□□■■□□□□□□□□□□□□■■□
□■■□□□□□□□□■□□□□□■□□□■■□□□□□□□□□□□□■■□
□■■□□□□□□□□■□□□■□■■□□□□■□■□□□□□□□□□□□□
□□□□□□□□□□□■□□□□□■□□□□□□□■□□□□□□□□□□□□
□□□□□□□□□□□□■□□□■□□□□□□□□□□□□□□□□□□□□□
□□□□□□□□□□□□□■■□□□□□□□□□□□□□□□□□□□□□□□
□□□□□□□□□□□□□□□□□□□□□□□□□□□□□□□□□□□□□□
□□□□□□□□□□□□□□□□□□□□□□□□□□□□□□□□□□□□□□
□□□□□□□□□□□□□□□□□□□□□□□□□□□□□□□□□□□□□□
□□□□□□□□□□□□□□□□□□□□□□□□□□□□□□□□□□□□□□
□□□□□□□□□□□□□□□□□□□□□□□□□□□□□□□□□□□□□□
□□□□□□□□□□□□□□□□□□□□□□□□□□□□□□□□□□□□□□
□□□□□□□□□□□□□□□□□□□□□□□□□□□□□□□□□□□□□□
□□□□□□□□□□□□□□□□□□□□□□□□□□□□□□□□□□□□□□
□□□□□□□□□□□□□□□□□□□□□□□□□□□□□□□□□□□□□□
□□□□□□□□□□□□□□□□□□□□□□□□□□□□□□□□□□□□□□
Time: 0
Population: 36
□□□□□□□□□□□□□□□□□□□□□□□□□□□□□□□□□□□□□□
□□□□□□□□□□□□□□□□□□□□□□□□■□□□□□□□□□□□□□
□□□□□□□□□□□□□□□□□□□□□□■□■□□□□□□□□□□□□□
□□□□□□□□□□□□□■□□□□□□□■□■□□□□□□□□□□□□□□
□□□□□□□□□□□□■■□□□□□□■□□■□□□□□□□□□□□■■□
□■■□□□□□□□□■■□□□□■■□□■□■□□□□□□□□□□□■■□
□■■□□□□□□□■■■□□□□■■□□□■□■□□□□□□□□□□□□□
□□□□□□□□□□□■■□□□□■■□□□□□■□□□□□□□□□□□□□
□□□□□□□□□□□□■■□□□□□□□□□□□□□□□□□□□□□□□□
□□□□□□□□□□□□□■□□□□□□□□□□□□□□□□□□□□□□□□
□□□□□□□□□□□□□□□□□□□□□□□□□□□□□□□□□□□□□□
□□□□□□□□□□□□□□□□□□□□□□□□□□□□□□□□□□□□□□
□□□□□□□□□□□□□□□□□□□□□□□□□□□□□□□□□□□□□□
□□□□□□□□□□□□□□□□□□□□□□□□□□□□□□□□□□□□□□
□□□□□□□□□□□□□□□□□□□□□□□□□□□□□□□□□□□□□□
□□□□□□□□□□□□□□□□□□□□□□□□□□□□□□□□□□□□□□
□□□□□□□□□□□□□□□□□□□□□□□□□□□□□□□□□□□□□□
□□□□□□□□□□□□□□□□□□□□□□□□□□□□□□□□□□□□□□
□□□□□□□□□□□□□□□□□□□□□□□□□□□□□□□□□□□□□□
□□□□□□□□□□□□□□□□□□□□□□□□□□□□□□□□□□□□□□
Time: 1
Population: 39
□□□□□□□□□□□□□□□□□□□□□□□□□□□□□□□□□□□□□□
□□□□□□□□□□□□□□□□□□□□□□□■□□□□□□□□□□□□□□
□□□□□□□□□□□□□□□□□□□□□□■□■□□□□□□□□□□□□□
□□□□□□□□□□□□■■□□□□□□□■□■■□□□□□□□□□□□□□
□□□□□□□□□□□■□■□□□□□□■■□■■□□□□□□□□□□■■□
□■■□□□□□□□■□□□□□□■■■□■□■■□□□□□□□□□□■■□
□■■□□□□□□□■□□■□□■□□■□□■□■□□□□□□□□□□□□□
□□□□□□□□□□■□□□□□□■■□□□□■□□□□□□□□□□□□□□
□□□□□□□□□□□■□■□□□□□□□□□□□□□□□□□□□□□□□□
□□□□□□□□□□□□■■□□□□□□□□□□□□□□□□□□□□□□□□
□□□□□□□□□□□□□□□□□□□□□□□□□□□□□□□□□□□□□□
□□□□□□□□□□□□□□□□□□□□□□□□□□□□□□□□□□□□□□
□□□□□□□□□□□□□□□□□□□□□□□□□□□□□□□□□□□□□□
□□□□□□□□□□□□□□□□□□□□□□□□□□□□□□□□□□□□□□
□□□□□□□□□□□□□□□□□□□□□□□□□□□□□□□□□□□□□□
□□□□□□□□□□□□□□□□□□□□□□□□□□□□□□□□□□□□□□
□□□□□□□□□□□□□□□□□□□□□□□□□□□□□□□□□□□□□□
□□□□□□□□□□□□□□□□□□□□□□□□□□□□□□□□□□□□□□
□□□□□□□□□□□□□□□□□□□□□□□□□□□□□□□□□□□□□□
□□□□□□□□□□□□□□□□□□□□□□□□□□□□□□□□□□□□□□
Time: 2
Population: 43
□□□□□□□□□□□□□□□□□□□□□□□□□□□□□□□□□□□□□□
□□□□□□□□□□□□□□□□□□□□□□□■□□□□□□□□□□□□□□
□□□□□□□□□□□□□□□□□□□□□□■□■□□□□□□□□□□□□□
□□□□□□□□□□□□■■□□□□□□■■□□□■□□□□□□□□□□□□
□□□□□□□□□□□■□■□□□□■■□■□□□■□□□□□□□□□■■□
□■■□□□□□□□■■■□□□□■■■□■□□□■□□□□□□□□□■■□
□■■□□□□□□■■■□□□□■□□■■□■□■□□□□□□□□□□□□□
□□□□□□□□□□■■■□□□□■■□□□□■□□□□□□□□□□□□□□
□□□□□□□□□□□■□■□□□□□□□□□□□□□□□□□□□□□□□□
□□□□□□□□□□□□■■□□□□□□□□□□□□□□□□□□□□□□□□
□□□□□□□□□□□□□□□□□□□□□□□□□□□□□□□□□□□□□□
□□□□□□□□□□□□□□□□□□□□□□□□□□□□□□□□□□□□□□
□□□□□□□□□□□□□□□□□□□□□□□□□□□□□□□□□□□□□□
□□□□□□□□□□□□□□□□□□□□□□□□□□□□□□□□□□□□□□
□□□□□□□□□□□□□□□□□□□□□□□□□□□□□□□□□□□□□□
□□□□□□□□□□□□□□□□□□□□□□□□□□□□□□□□□□□□□□
□□□□□□□□□□□□□□□□□□□□□□□□□□□□□□□□□□□□□□
□□□□□□□□□□□□□□□□□□□□□□□□□□□□□□□□□□□□□□
□□□□□□□□□□□□□□□□□□□□□□□□□□□□□□□□□□□□□□
□□□□□□□□□□□□□□□□□□□□□□□□□□□□□□□□□□□□□□
Time: 3
Population: 48
□□□□□□□□□□□□□□□□□□□□□□□□□□□□□□□□□□□□□□
□□□□□□□□□□□□□□□□□□□□□□□■□□□□□□□□□□□□□□
□□□□□□□□□□□□□□□□□□□□□■■■■□□□□□□□□□□□□□
□□□□□□□□□□□□■■□□□□□■■■■□■■□□□□□□□□□□□□
□□□□□□□□□□■□□■□□□■□□□■■□■■■□□□□□□□□■■□
□■■□□□□□□■□□□□□□□■□□□■■□■■□□□□□□□□□■■□
□■■□□□□□□■□□□□□□■□□□■■■■■□□□□□□□□□□□□□
□□□□□□□□□■□□□□□□□■■■□□□■□□□□□□□□□□□□□□
□□□□□□□□□□■□□■□□□□□□□□□□□□□□□□□□□□□□□□
□□□□□□□□□□□□■■□□□□□□□□□□□□□□□□□□□□□□□□
□□□□□□□□□□□□□□□□□□□□□□□□□□□□□□□□□□□□□□
□□□□□□□□□□□□□□□□□□□□□□□□□□□□□□□□□□□□□□
□□□□□□□□□□□□□□□□□□□□□□□□□□□□□□□□□□□□□□
□□□□□□□□□□□□□□□□□□□□□□□□□□□□□□□□□□□□□□
□□□□□□□□□□□□□□□□□□□□□□□□□□□□□□□□□□□□□□
□□□□□□□□□□□□□□□□□□□□□□□□□□□□□□□□□□□□□□
□□□□□□□□□□□□□□□□□□□□□□□□□□□□□□□□□□□□□□
□□□□□□□□□□□□□□□□□□□□□□□□□□□□□□□□□□□□□□
□□□□□□□□□□□□□□□□□□□□□□□□□□□□□□□□□□□□□□
□□□□□□□□□□□□□□□□□□□□□□□□□□□□□□□□□□□□□□
Time: 4
Population: 51
□□□□□□□□□□□□□□□□□□□□□□□□□□□□□□□□□□□□□□
□□□□□□□□□□□□□□□□□□□□□□□■■□□□□□□□□□□□□□
□□□□□□□□□□□□□□□□□□□□□□□□□■□□□□□□□□□□□□
□□□□□□□□□□□□■■□□□□□□□□□□□□■□□□□□□□□□□□
□□□□□□□□□□□□■■□□□□■□□□□□□□■□□□□□□□□■■□
□■■□□□□□□■■□□□□□■■□□□□□□□□■□□□□□□□□■■□
□■■□□□□□■■■□□□□□■□□■■□□□□■□□□□□□□□□□□□
□□□□□□□□□■■□□□□□□■■■■■□■■□□□□□□□□□□□□□
□□□□□□□□□□□□■■□□□□■□□□□□□□□□□□□□□□□□□□
□□□□□□□□□□□□■■□□□□□□□□□□□□□□□□□□□□□□□□
□□□□□□□□□□□□□□□□□□□□□□□□□□□□□□□□□□□□□□
□□□□□□□□□□□□□□□□□□□□□□□□□□□□□□□□□□□□□□
□□□□□□□□□□□□□□□□□□□□□□□□□□□□□□□□□□□□□□
□□□□□□□□□□□□□□□□□□□□□□□□□□□□□□□□□□□□□□
□□□□□□□□□□□□□□□□□□□□□□□□□□□□□□□□□□□□□□
□□□□□□□□□□□□□□□□□□□□□□□□□□□□□□□□□□□□□□
□□□□□□□□□□□□□□□□□□□□□□□□□□□□□□□□□□□□□□
□□□□□□□□□□□□□□□□□□□□□□□□□□□□□□□□□□□□□□
□□□□□□□□□□□□□□□□□□□□□□□□□□□□□□□□□□□□□□
□□□□□□□□□□□□□□□□□□□□□□□□□□□□□□□□□□□□□□
Time: 5
Population: 44
□□□□□□□□□□□□□□□□□□□□□□□□□□□□□□□□□□□□□□
□□□□□□□□□□□□□□□□□□□□□□□□■□□□□□□□□□□□□□
□□□□□□□□□□□□□□□□□□□□□□□□■■□□□□□□□□□□□□
□□□□□□□□□□□□■■□□□□□□□□□□□■■□□□□□□□□□□□
□□□□□□□□□□□■■■□□□■□□□□□□□■■■□□□□□□□■■□
□■■□□□□□■□■■□□□□■■■■□□□□□■■□□□□□□□□■■□
□■■□□□□□■□□■□□□□■□□□□■□□■■□□□□□□□□□□□□
□□□□□□□□■□■■□□□□□■□□□■□□■□□□□□□□□□□□□□
□□□□□□□□□□□■■■□□□■■□■□□□□□□□□□□□□□□□□□
□□□□□□□□□□□□■■□□□□□□□□□□□□□□□□□□□□□□□□
□□□□□□□□□□□□□□□□□□□□□□□□□□□□□□□□□□□□□□
□□□□□□□□□□□□□□□□□□□□□□□□□□□□□□□□□□□□□□
□□□□□□□□□□□□□□□□□□□□□□□□□□□□□□□□□□□□□□
□□□□□□□□□□□□□□□□□□□□□□□□□□□□□□□□□□□□□□
□□□□□□□□□□□□□□□□□□□□□□□□□□□□□□□□□□□□□□
□□□□□□□□□□□□□□□□□□□□□□□□□□□□□□□□□□□□□□
□□□□□□□□□□□□□□□□□□□□□□□□□□□□□□□□□□□□□□
□□□□□□□□□□□□□□□□□□□□□□□□□□□□□□□□□□□□□□
□□□□□□□□□□□□□□□□□□□□□□□□□□□□□□□□□□□□□□
□□□□□□□□□□□□□□□□□□□□□□□□□□□□□□□□□□□□□□
Time: 6
Population: 51
□□□□□□□□□□□□□□□□□□□□□□□□□□□□□□□□□□□□□□
□□□□□□□□□□□□□□□□□□□□□□□□■■□□□□□□□□□□□□
□□□□□□□□□□□□□□□□□□□□□□□□■□■□□□□□□□□□□□
□□□□□□□□□□□■□■□□□□□□□□□□□□□■□□□□□□□□□□
□□□□□□□□□□■□□■□□■■□□□□□□■□□■□□□□□□□■■□
□■■□□□□□□■■□□□□□■□■□□□□□□□□■□□□□□□□■■□
□■■□□□□■■□□□■□□□■□□□■□□□■□■□□□□□□□□□□□
□□□□□□□□□■■□□□□□■■■□■■□□■■□□□□□□□□□□□□
□□□□□□□□□□■□□■□□□■■□□□□□□□□□□□□□□□□□□□
□□□□□□□□□□□■□■□□□□□□□□□□□□□□□□□□□□□□□□
□□□□□□□□□□□□□□□□□□□□□□□□□□□□□□□□□□□□□□
□□□□□□□□□□□□□□□□□□□□□□□□□□□□□□□□□□□□□□
□□□□□□□□□□□□□□□□□□□□□□□□□□□□□□□□□□□□□□
□□□□□□□□□□□□□□□□□□□□□□□□□□□□□□□□□□□□□□
□□□□□□□□□□□□□□□□□□□□□□□□□□□□□□□□□□□□□□
□□□□□□□□□□□□□□□□□□□□□□□□□□□□□□□□□□□□□□
□□□□□□□□□□□□□□□□□□□□□□□□□□□□□□□□□□□□□□
□□□□□□□□□□□□□□□□□□□□□□□□□□□□□□□□□□□□□□
□□□□□□□□□□□□□□□□□□□□□□□□□□□□□□□□□□□□□□
□□□□□□□□□□□□□□□□□□□□□□□□□□□□□□□□□□□□□□
Time: 7
Population: 48
□□□□□□□□□□□□□□□□□□□□□□□□□□□□□□□□□□□□□□
□□□□□□□□□□□□□□□□□□□□□□□□■■□□□□□□□□□□□□
□□□□□□□□□□□□□□□□□□□□□□□□■□■□□□□□□□□□□□
□□□□□□□□□□□□■□□□□□□□□□□□□■■■□□□□□□□□□□
□□□□□□□□□■■■■□□□■■□□□□□□□□■■■□□□□□□■■□
□■■□□□□□■■■■□□□■■□□□□□□□□■■■□□□□□□□■■□
□■■□□□□□■□□■□□□■■□■□■■□□■□■□□□□□□□□□□□
□□□□□□□□■■■■□□□□■□■□■■□□■■□□□□□□□□□□□□
□□□□□□□□□■■■■□□□■□■■□□□□□□□□□□□□□□□□□□
□□□□□□□□□□□□■□□□□□□□□□□□□□□□□□□□□□□□□□
□□□□□□□□□□□□□□□□□□□□□□□□□□□□□□□□□□□□□□
□□□□□□□□□□□□□□□□□□□□□□□□□□□□□□□□□□□□□□
□□□□□□□□□□□□□□□□□□□□□□□□□□□□□□□□□□□□□□
□□□□□□□□□□□□□□□□□□□□□□□□□□□□□□□□□□□□□□
□□□□□□□□□□□□□□□□□□□□□□□□□□□□□□□□□□□□□□
□□□□□□□□□□□□□□□□□□□□□□□□□□□□□□□□□□□□□□
□□□□□□□□□□□□□□□□□□□□□□□□□□□□□□□□□□□□□□
□□□□□□□□□□□□□□□□□□□□□□□□□□□□□□□□□□□□□□
□□□□□□□□□□□□□□□□□□□□□□□□□□□□□□□□□□□□□□
□□□□□□□□□□□□□□□□□□□□□□□□□□□□□□□□□□□□□□
Time: 8
Population: 61
□□□□□□□□□□□□□□□□□□□□□□□□□□□□□□□□□□□□□□
□□□□□□□□□□□□□□□□□□□□□□□□■■□□□□□□□□□□□□
□□□□□□□□□□□□□□□□□□□□□□□□■□□■□□□□□□□□□□
□□□□□□□□□□■□■□□□□□□□□□□□□□□□■□□□□□□□□□
□□□□□□□□■□□□■□□■■■□□□□□□□□□□■□□□□□□■■□
□■■□□□□□■□□□□□□□□□□□□□□□□□□□■□□□□□□■■□
□■■□□□□■□□□□■□□□□□□□■■□□■□□■□□□□□□□□□□
□□□□□□□□■□□□□□□□■□■□□■□□■■□□□□□□□□□□□□
□□□□□□□□■□□□■□□□□□■■■□□□□□□□□□□□□□□□□□
□□□□□□□□□□■□■□□□□□□□□□□□□□□□□□□□□□□□□□
□□□□□□□□□□□□□□□□□□□□□□□□□□□□□□□□□□□□□□
□□□□□□□□□□□□□□□□□□□□□□□□□□□□□□□□□□□□□□
□□□□□□□□□□□□□□□□□□□□□□□□□□□□□□□□□□□□□□
□□□□□□□□□□□□□□□□□□□□□□□□□□□□□□□□□□□□□□
□□□□□□□□□□□□□□□□□□□□□□□□□□□□□□□□□□□□□□
□□□□□□□□□□□□□□□□□□□□□□□□□□□□□□□□□□□□□□
□□□□□□□□□□□□□□□□□□□□□□□□□□□□□□□□□□□□□□
□□□□□□□□□□□□□□□□□□□□□□□□□□□□□□□□□□□□□□
□□□□□□□□□□□□□□□□□□□□□□□□□□□□□□□□□□□□□□
□□□□□□□□□□□□□□□□□□□□□□□□□□□□□□□□□□□□□□
Time: 9
Population: 42
□□□□□□□□□□□□□□□□□□□□□□□□□□□□□□□□□□□□□□
□□□□□□□□□□□□□□□□□□□□□□□□■■□□□□□□□□□□□□
□□□□□□□□□□□□□□□□□□□□□□□□■■□□□□□□□□□□□□
□□□□□□□□□□□■□□□□■□□□□□□□□□□■■□□□□□□□□□
□□□□□□□□□■□■□□□□■□□□□□□□□□□■■■□□□□□■■□
□■■□□□□■■□□□□□□□■□□□□□□□□□□■■□□□□□□■■□
□■■□□□□■■□□□□□□□□□□□■■□□■■□□□□□□□□□□□□
□□□□□□□■■□□□□□□□□■■□□■□□■■□□□□□□□□□□□□
□□□□□□□□□■□■□□□□□■■■■□□□□□□□□□□□□□□□□□
□□□□□□□□□□□■□□□□□□□■□□□□□□□□□□□□□□□□□□
□□□□□□□□□□□□□□□□□□□□□□□□□□□□□□□□□□□□□□
□□□□□□□□□□□□□□□□□□□□□□□□□□□□□□□□□□□□□□
□□□□□□□□□□□□□□□□□□□□□□□□□□□□□□□□□□□□□□
□□□□□□□□□□□□□□□□□□□□□□□□□□□□□□□□□□□□□□
□□□□□□□□□□□□□□□□□□□□□□□□□□□□□□□□□□□□□□
□□□□□□□□□□□□□□□□□□□□□□□□□□□□□□□□□□□□□□
□□□□□□□□□□□□□□□□□□□□□□□□□□□□□□□□□□□□□□
□□□□□□□□□□□□□□□□□□□□□□□□□□□□□□□□□□□□□□
□□□□□□□□□□□□□□□□□□□□□□□□□□□□□□□□□□□□□□
□□□□□□□□□□□□□□□□□□□□□□□□□□□□□□□□□□□□□□
Time: 10
Population: 48
□□□□□□□□□□□□□□□□□□□□□□□□□□□□□□□□□□□□□□
□□□□□□□□□□□□□□□□□□□□□□□□■■□□□□□□□□□□□□
□□□□□□□□□□□□□□□□□□□□□□□□■■■□□□□□□□□□□□
□□□□□□□□□□■□□□□□□□□□□□□□□□■■□■□□□□□□□□
□□□□□□□□■□■□□□□■■■□□□□□□□□■□□■□□□□□■■□
□■■□□□□■□■□□□□□□□□□□□□□□□□■■□■□□□□□■■□
□■■□□□■□□■□□□□□□□■□□■■□□■■■□□□□□□□□□□□
□□□□□□□■□■□□□□□□□■□□□■□□■■□□□□□□□□□□□□
□□□□□□□□■□■□□□□□□■□□■□□□□□□□□□□□□□□□□□
□□□□□□□□□□■□□□□□□□□■■□□□□□□□□□□□□□□□□□
□□□□□□□□□□□□□□□□□□□□□□□□□□□□□□□□□□□□□□
□□□□□□□□□□□□□□□□□□□□□□□□□□□□□□□□□□□□□□
□□□□□□□□□□□□□□□□□□□□□□□□□□□□□□□□□□□□□□
□□□□□□□□□□□□□□□□□□□□□□□□□□□□□□□□□□□□□□
□□□□□□□□□□□□□□□□□□□□□□□□□□□□□□□□□□□□□□
□□□□□□□□□□□□□□□□□□□□□□□□□□□□□□□□□□□□□□
□□□□□□□□□□□□□□□□□□□□□□□□□□□□□□□□□□□□□□
□□□□□□□□□□□□□□□□□□□□□□□□□□□□□□□□□□□□□□
□□□□□□□□□□□□□□□□□□□□□□□□□□□□□□□□□□□□□□
□□□□□□□□□□□□□□□□□□□□□□□□□□□□□□□□□□□□□□
Time: 11
Population: 50
□□□□□□□□□□□□□□□□□□□□□□□□□□□□□□□□□□□□□□
□□□□□□□□□□□□□□□□□□□□□□□□■□■□□□□□□□□□□□
□□□□□□□□□□□□□□□□□□□□□□□□■□□■□□□□□□□□□□
□□□□□□□□□■□□□□□□■□□□□□□□□□□■■□□□□□□□□□
□□□□□□□□■□■□□□□□■□□□□□□□□■□□□■■□□□□■■□
□■■□□□□■□■■□□□□□□■□□□□□□□□□■■□□□□□□■■□
□■■□□□■■□■■□□□□□□□□□■■□□■□□■□□□□□□□□□□
□□□□□□□■□■■□□□□□■■■□□■□□■□■□□□□□□□□□□□
□□□□□□□□■□■□□□□□□□■■■■□□□□□□□□□□□□□□□□
□□□□□□□□□■□□□□□□□□□■■□□□□□□□□□□□□□□□□□
□□□□□□□□□□□□□□□□□□□□□□□□□□□□□□□□□□□□□□
□□□□□□□□□□□□□□□□□□□□□□□□□□□□□□□□□□□□□□
□□□□□□□□□□□□□□□□□□□□□□□□□□□□□□□□□□□□□□
□□□□□□□□□□□□□□□□□□□□□□□□□□□□□□□□□□□□□□
□□□□□□□□□□□□□□□□□□□□□□□□□□□□□□□□□□□□□□
□□□□□□□□□□□□□□□□□□□□□□□□□□□□□□□□□□□□□□
□□□□□□□□□□□□□□□□□□□□□□□□□□□□□□□□□□□□□□
□□□□□□□□□□□□□□□□□□□□□□□□□□□□□□□□□□□□□□
□□□□□□□□□□□□□□□□□□□□□□□□□□□□□□□□□□□□□□
□□□□□□□□□□□□□□□□□□□□□□□□□□□□□□□□□□□□□□
Time: 12
Population: 54
□□□□□□□□□□□□□□□□□□□□□□□□□□□□□□□□□□□□□□
□□□□□□□□□□□□□□□□□□□□□□□□□■□□□□□□□□□□□□
□□□□□□□□□□□□□□□□□□□□□□□□□■■■■□□□□□□□□□
□□□□□□□□□■□□□□□□□□□□□□□□□□■■■■□□□□□□□□
□□□□□□□□■□■□□□□□■■□□□□□□□□■□□■□□□□□■■□
□■■□□□■■□□□■□□□□□□□□□□□□□□■■■■□□□□□■■□
□■■□□□■■□□□■□□□□■□■□■■□□□■■■■□□□□□□□□□
□□□□□□■■□□□■□□□□□■■□□□■□□■□□□□□□□□□□□□
□□□□□□□□■□■□□□□□□□□□□■□□□□□□□□□□□□□□□□
□□□□□□□□□■□□□□□□□□■□□■□□□□□□□□□□□□□□□□
□□□□□□□□□□□□□□□□□□□□□□□□□□□□□□□□□□□□□□
□□□□□□□□□□□□□□□□□□□□□□□□□□□□□□□□□□□□□□
□□□□□□□□□□□□□□□□□□□□□□□□□□□□□□□□□□□□□□
□□□□□□□□□□□□□□□□□□□□□□□□□□□□□□□□□□□□□□
□□□□□□□□□□□□□□□□□□□□□□□□□□□□□□□□□□□□□□
□□□□□□□□□□□□□□□□□□□□□□□□□□□□□□□□□□□□□□
□□□□□□□□□□□□□□□□□□□□□□□□□□□□□□□□□□□□□□
□□□□□□□□□□□□□□□□□□□□□□□□□□□□□□□□□□□□□□
□□□□□□□□□□□□□□□□□□□□□□□□□□□□□□□□□□□□□□
□□□□□□□□□□□□□□□□□□□□□□□□□□□□□□□□□□□□□□
Time: 13
Population: 55
□□□□□□□□□□□□□□□□□□□□□□□□□□□□□□□□□□□□□□
□□□□□□□□□□□□□□□□□□□□□□□□□■□■□□□□□□□□□□
□□□□□□□□□□□□□□□□□□□□□□□□□■□□□■□□□□□□□□
□□□□□□□□□■□□□□□□□□□□□□□□□□□□□■□□□□□□□□
□□□□□□□■■■■□□□□□□□□□□□□□□■□□□□■□□□□■■□
□■■□□□■□■□■■□□□□■□□□□□□□□□□□□■□□□□□■■□
□■■□□■□□■□■■■□□□□□■■□■□□□■□□□■□□□□□□□□
□□□□□□■□■□■■□□□□□■■■■□■□□■□■□□□□□□□□□□
□□□□□□□■■■■□□□□□□■■□□■■□□□□□□□□□□□□□□□
□□□□□□□□□■□□□□□□□□□□□□□□□□□□□□□□□□□□□□
□□□□□□□□□□□□□□□□□□□□□□□□□□□□□□□□□□□□□□
□□□□□□□□□□□□□□□□□□□□□□□□□□□□□□□□□□□□□□
□□□□□□□□□□□□□□□□□□□□□□□□□□□□□□□□□□□□□□
□□□□□□□□□□□□□□□□□□□□□□□□□□□□□□□□□□□□□□
□□□□□□□□□□□□□□□□□□□□□□□□□□□□□□□□□□□□□□
□□□□□□□□□□□□□□□□□□□□□□□□□□□□□□□□□□□□□□
□□□□□□□□□□□□□□□□□□□□□□□□□□□□□□□□□□□□□□
□□□□□□□□□□□□□□□□□□□□□□□□□□□□□□□□□□□□□□
□□□□□□□□□□□□□□□□□□□□□□□□□□□□□□□□□□□□□□
□□□□□□□□□□□□□□□□□□□□□□□□□□□□□□□□□□□□□□
Time: 14
Population: 56
□□□□□□□□□□□□□□□□□□□□□□□□□□□□□□□□□□□□□□
□□□□□□□□□□□□□□□□□□□□□□□□□□■□□□□□□□□□□□
□□□□□□□□□□□□□□□□□□□□□□□□□□■□■□□□□□□□□□
□□□□□□□□□■■□□□□□□□□□□□□□□□□□□■■□□□□□□□
□□□□□□□■□□□■□□□□□□□□□□□□□□□□□■■□□□□■■□
□■■□□□■□□□□□■□□□□□□□□□□□□□□□□■■□□□□■■□
□■■□□■■□■□□□■□□□□□□□□■□□□□■□■□□□□□□□□□
□□□□□□■□□□□□■□□□□□□□□□■□□□■□□□□□□□□□□□
□□□□□□□■□□□■□□□□□■□□■■■□□□□□□□□□□□□□□□
□□□□□□□□□■■□□□□□□□□□□□□□□□□□□□□□□□□□□□
□□□□□□□□□□□□□□□□□□□□□□□□□□□□□□□□□□□□□□
□□□□□□□□□□□□□□□□□□□□□□□□□□□□□□□□□□□□□□
□□□□□□□□□□□□□□□□□□□□□□□□□□□□□□□□□□□□□□
□□□□□□□□□□□□□□□□□□□□□□□□□□□□□□□□□□□□□□
□□□□□□□□□□□□□□□□□□□□□□□□□□□□□□□□□□□□□□
□□□□□□□□□□□□□□□□□□□□□□□□□□□□□□□□□□□□□□
□□□□□□□□□□□□□□□□□□□□□□□□□□□□□□□□□□□□□□
□□□□□□□□□□□□□□□□□□□□□□□□□□□□□□□□□□□□□□
□□□□□□□□□□□□□□□□□□□□□□□□□□□□□□□□□□□□□□
□□□□□□□□□□□□□□□□□□□□□□□□□□□□□□□□□□□□□□
Time: 15
Population: 42
□□□□□□□□□□□□□□□□□□□□□□□□□□□□□□□□□□□□□□
□□□□□□□□□□□□□□□□□□□□□□□□□□□■□□□□□□□□□□
□□□□□□□□□□□□□□□□□□□□□□□□□□□■□■□□□□□□□□
□□□□□□□□□□■□□□□□□□□□□□□□□□□□■□■□□□□□□□
□□□□□□□□□□■■□□□□□□□□□□□□□□□□■□□■□□□■■□
□■■□□■■□□□□■■□□□□□□□□□□□□□□□■□■□□□□■■□
□■■□□■■□□□□■■■□□□□□□□□□□□□□■□■□□□□□□□□
□□□□□■■□□□□■■□□□□□□□■□■□□□□■□□□□□□□□□□
□□□□□□□□□□■■□□□□□□□□□■■□□□□□□□□□□□□□□□
□□□□□□□□□□■□□□□□□□□□□■□□□□□□□□□□□□□□□□
□□□□□□□□□□□□□□□□□□□□□□□□□□□□□□□□□□□□□□
□□□□□□□□□□□□□□□□□□□□□□□□□□□□□□□□□□□□□□
□□□□□□□□□□□□□□□□□□□□□□□□□□□□□□□□□□□□□□
□□□□□□□□□□□□□□□□□□□□□□□□□□□□□□□□□□□□□□
□□□□□□□□□□□□□□□□□□□□□□□□□□□□□□□□□□□□□□
□□□□□□□□□□□□□□□□□□□□□□□□□□□□□□□□□□□□□□
□□□□□□□□□□□□□□□□□□□□□□□□□□□□□□□□□□□□□□
□□□□□□□□□□□□□□□□□□□□□□□□□□□□□□□□□□□□□□
□□□□□□□□□□□□□□□□□□□□□□□□□□□□□□□□□□□□□□
□□□□□□□□□□□□□□□□□□□□□□□□□□□□□□□□□□□□□□
Time: 16
Population: 44
□□□□□□□□□□□□□□□□□□□□□□□□□□□□□□□□□□□□□□
□□□□□□□□□□□□□□□□□□□□□□□□□□□□■□□□□□□□□□
□□□□□□□□□□□□□□□□□□□□□□□□□□□■□■□□□□□□□□
□□□□□□□□□□■■□□□□□□□□□□□□□□□■■□■□□□□□□□
□□□□□□□□□□■□■□□□□□□□□□□□□□□■■□■■□□□■■□
□■■□□■■□□□□□□■□□□□□□□□□□□□□■■□■□□□□■■□
□■■□■□□■□□■□□■□□□□□□□□□□□□□■□■□□□□□□□□
□□□□□■■□□□□□□■□□□□□□□□■□□□□□■□□□□□□□□□
□□□□□□□□□□■□■□□□□□□□■□■□□□□□□□□□□□□□□□
□□□□□□□□□□■■□□□□□□□□□■■□□□□□□□□□□□□□□□
□□□□□□□□□□□□□□□□□□□□□□□□□□□□□□□□□□□□□□
□□□□□□□□□□□□□□□□□□□□□□□□□□□□□□□□□□□□□□
□□□□□□□□□□□□□□□□□□□□□□□□□□□□□□□□□□□□□□
□□□□□□□□□□□□□□□□□□□□□□□□□□□□□□□□□□□□□□
□□□□□□□□□□□□□□□□□□□□□□□□□□□□□□□□□□□□□□
□□□□□□□□□□□□□□□□□□□□□□□□□□□□□□□□□□□□□□
□□□□□□□□□□□□□□□□□□□□□□□□□□□□□□□□□□□□□□
□□□□□□□□□□□□□□□□□□□□□□□□□□□□□□□□□□□□□□
□□□□□□□□□□□□□□□□□□□□□□□□□□□□□□□□□□□□□□
□□□□□□□□□□□□□□□□□□□□□□□□□□□□□□□□□□□□□□
Time: 17
Population: 47
□□□□□□□□□□□□□□□□□□□□□□□□□□□□□□□□□□□□□□
□□□□□□□□□□□□□□□□□□□□□□□□□□□□■□□□□□□□□□
□□□□□□□□□□□□□□□□□□□□□□□□□□□■□■□□□□□□□□
□□□□□□□□□□■■□□□□□□□□□□□□□□■□□□■■□□□□□□
□□□□□□□□□□■□■□□□□□□□□□□□□□■□□□■■□□□■■□
□■■■□■■□□□□■■■□□□□□□□□□□□□■□□□■■□□□■■□
□■■■■□□■□□□□■■■□□□□□□□□□□□□■□■□□□□□□□□
□□□□□■■□□□□■■■□□□□□□□■□□□□□□■□□□□□□□□□
□□□□□□□□□□■□■□□□□□□□□□■■□□□□□□□□□□□□□□
□□□□□□□□□□■■□□□□□□□□□■■□□□□□□□□□□□□□□□
□□□□□□□□□□□□□□□□□□□□□□□□□□□□□□□□□□□□□□
□□□□□□□□□□□□□□□□□□□□□□□□□□□□□□□□□□□□□□
□□□□□□□□□□□□□□□□□□□□□□□□□□□□□□□□□□□□□□
□□□□□□□□□□□□□□□□□□□□□□□□□□□□□□□□□□□□□□
□□□□□□□□□□□□□□□□□□□□□□□□□□□□□□□□□□□□□□
□□□□□□□□□□□□□□□□□□□□□□□□□□□□□□□□□□□□□□
□□□□□□□□□□□□□□□□□□□□□□□□□□□□□□□□□□□□□□
□□□□□□□□□□□□□□□□□□□□□□□□□□□□□□□□□□□□□□
□□□□□□□□□□□□□□□□□□□□□□□□□□□□□□□□□□□□□□
□□□□□□□□□□□□□□□□□□□□□□□□□□□□□□□□□□□□□□
Time: 18
Population: 53
□□□□□□□□□□□□□□□□□□□□□□□□□□□□□□□□□□□□□□
□□□□□□□□□□□□□□□□□□□□□□□□□□□□■□□□□□□□□□
□□□□□□□□□□□□□□□□□□□□□□□□□□□■■■■□□□□□□□
□□□□□□□□□□■■□□□□□□□□□□□□□□■■□■□■□□□□□□
□□■□□□□□□□■□□■□□□□□□□□□□□■■■□■□□■□□■■□
□■□□□■■□□□□□□□■□□□□□□□□□□□■■□■□■□□□■■□
□■□□□□□■□□□□□□■□□□□□□□□□□□□■■■■□□□□□□□
□□■■■■■□□□□□□□■□□□□□□□■□□□□□■□□□□□□□□□
□□□□□□□□□□■□□■□□□□□□□□□■□□□□□□□□□□□□□□
□□□□□□□□□□■■□□□□□□□□□■■■□□□□□□□□□□□□□□
□□□□□□□□□□□□□□□□□□□□□□□□□□□□□□□□□□□□□□
□□□□□□□□□□□□□□□□□□□□□□□□□□□□□□□□□□□□□□
□□□□□□□□□□□□□□□□□□□□□□□□□□□□□□□□□□□□□□
□□□□□□□□□□□□□□□□□□□□□□□□□□□□□□□□□□□□□□
□□□□□□□□□□□□□□□□□□□□□□□□□□□□□□□□□□□□□□
□□□□□□□□□□□□□□□□□□□□□□□□□□□□□□□□□□□□□□
□□□□□□□□□□□□□□□□□□□□□□□□□□□□□□□□□□□□□□
□□□□□□□□□□□□□□□□□□□□□□□□□□□□□□□□□□□□□□
□□□□□□□□□□□□□□□□□□□□□□□□□□□□□□□□□□□□□□
□□□□□□□□□□□□□□□□□□□□□□□□□□□□□□□□□□□□□□
Time: 19
Population: 54
□□□□□□□□□□□□□□□□□□□□□□□□□□□□□□□□□□□□□□
□□□□□□□□□□□□□□□□□□□□□□□□□□□■■□□□□□□□□□
□□□□□□□□□□□□□□□□□□□□□□□□□□■□□□■□□□□□□□
□□□□□□□□□□■■□□□□□□□□□□□□□■□□□□□■□□□□□□
□□□□□□□□□□■■□□□□□□□□□□□□□■□□□■□■■□□■■□
□■■□□□■□□□□□□■■□□□□□□□□□□■□□□□□■□□□■■□
□■□■□□□■□□□□□■■■□□□□□□□□□□■□□□■□□□□□□□
□□■■■■■□□□□□□■■□□□□□□□□□□□□■■□□□□□□□□□
□□□■■■□□□□■■□□□□□□□□□■□■□□□□□□□□□□□□□□
□□□□□□□□□□■■□□□□□□□□□□■■□□□□□□□□□□□□□□
□□□□□□□□□□□□□□□□□□□□□□■□□□□□□□□□□□□□□□
□□□□□□□□□□□□□□□□□□□□□□□□□□□□□□□□□□□□□□
□□□□□□□□□□□□□□□□□□□□□□□□□□□□□□□□□□□□□□
□□□□□□□□□□□□□□□□□□□□□□□□□□□□□□□□□□□□□□
□□□□□□□□□□□□□□□□□□□□□□□□□□□□□□□□□□□□□□
□□□□□□□□□□□□□□□□□□□□□□□□□□□□□□□□□□□□□□
□□□□□□□□□□□□□□□□□□□□□□□□□□□□□□□□□□□□□□
□□□□□□□□□□□□□□□□□□□□□□□□□□□□□□□□□□□□□□
□□□□□□□□□□□□□□□□□□□□□□□□□□□□□□□□□□□□□□
□□□□□□□□□□□□□□□□□□□□□□□□□□□□□□□□□□□□□□
Time: 20
Population: 54
□□□□□□□□□□□□□□□□□□□□□□□□□□□□□□□□□□□□□□
□□□□□□□□□□□□□□□□□□□□□□□□□□□■□□□□□□□□□□
□□□□□□□□□□□□□□□□□□□□□□□□□□■■□□□□□□□□□□
□□□□□□□□□□■■□□□□□□□□□□□□□■■□□□□■■□□□□□
□□□□□□□□□□■■■□□□□□□□□□□□■■■□□□□■■□□■■□
□■■□□□□□□□□□■■□■□□□□□□□□□■■□□□□■■□□■■□
□■□□□□□■□□□□■□□■□□□□□□□□□□■■□□□□□□□□□□
□□□□□□■□□□□□■■□■□□□□□□□□□□□■□□□□□□□□□□
□□■□□□■□□□■■■□□□□□□□□□□■□□□□□□□□□□□□□□
□□□□■□□□□□■■□□□□□□□□□■□■□□□□□□□□□□□□□□
□□□□□□□□□□□□□□□□□□□□□□■■□□□□□□□□□□□□□□
□□□□□□□□□□□□□□□□□□□□□□□□□□□□□□□□□□□□□□
□□□□□□□□□□□□□□□□□□□□□□□□□□□□□□□□□□□□□□
□□□□□□□□□□□□□□□□□□□□□□□□□□□□□□□□□□□□□□
□□□□□□□□□□□□□□□□□□□□□□□□□□□□□□□□□□□□□□
□□□□□□□□□□□□□□□□□□□□□□□□□□□□□□□□□□□□□□
□□□□□□□□□□□□□□□□□□□□□□□□□□□□□□□□□□□□□□
□□□□□□□□□□□□□□□□□□□□□□□□□□□□□□□□□□□□□□
□□□□□□□□□□□□□□□□□□□□□□□□□□□□□□□□□□□□□□
□□□□□□□□□□□□□□□□□□□□□□□□□□□□□□□□□□□□□□
Time: 21
Population: 54
□□□□□□□□□□□□□□□□□□□□□□□□□□□□□□□□□□□□□□
□□□□□□□□□□□□□□□□□□□□□□□□□□■■□□□□□□□□□□
□□□□□□□□□□□□□□□□□□□□□□□□□■□■□□□□□□□□□□
□□□□□□□□□□■□■□□□□□□□□□□□■□□□□□□■■□□□□□
□□□□□□□□□□■□□■□□□□□□□□□□■□□■□□■□□■□■■□
□■■□□□□□□□□□□■■□□□□□□□□□■□□□□□□■■□□■■□
□■■□□□□□□□□■□□□■■□□□□□□□□■□■□□□□□□□□□□
□□□□□□■■□□□□□■■□□□□□□□□□□□■■□□□□□□□□□□
□□□□□■□□□□■□□■□□□□□□□□■□□□□□□□□□□□□□□□
□□□□□□□□□□■□■□□□□□□□□□□■■□□□□□□□□□□□□□
□□□□□□□□□□□□□□□□□□□□□□■■□□□□□□□□□□□□□□
□□□□□□□□□□□□□□□□□□□□□□□□□□□□□□□□□□□□□□
□□□□□□□□□□□□□□□□□□□□□□□□□□□□□□□□□□□□□□
□□□□□□□□□□□□□□□□□□□□□□□□□□□□□□□□□□□□□□
□□□□□□□□□□□□□□□□□□□□□□□□□□□□□□□□□□□□□□
□□□□□□□□□□□□□□□□□□□□□□□□□□□□□□□□□□□□□□
□□□□□□□□□□□□□□□□□□□□□□□□□□□□□□□□□□□□□□
□□□□□□□□□□□□□□□□□□□□□□□□□□□□□□□□□□□□□□
□□□□□□□□□□□□□□□□□□□□□□□□□□□□□□□□□□□□□□
□□□□□□□□□□□□□□□□□□□□□□□□□□□□□□□□□□□□□□
Time: 22
Population: 49
□□□□□□□□□□□□□□□□□□□□□□□□□□□□□□□□□□□□□□
□□□□□□□□□□□□□□□□□□□□□□□□□□■■□□□□□□□□□□
□□□□□□□□□□□□□□□□□□□□□□□□□■□■□□□□□□□□□□
□□□□□□□□□□□■□□□□□□□□□□□□■■■□□□□■■□□□□□
□□□□□□□□□□□■■■■□□□□□□□□■■■□□□□■□□■■■■□
□■■□□□□□□□□□■■■■□□□□□□□□■■■□□□□■■□■■■□
□■■□□□□□□□□□■□□■□□□□□□□□□■□■□□□□□□□□□□
□□□□□□■□□□□□■■■■□□□□□□□□□□■■□□□□□□□□□□
□□□□□□■□□□□■■■■□□□□□□□□■□□□□□□□□□□□□□□
□□□□□□□□□□□■□□□□□□□□□□□□■□□□□□□□□□□□□□
□□□□□□□□□□□□□□□□□□□□□□■■■□□□□□□□□□□□□□
□□□□□□□□□□□□□□□□□□□□□□□□□□□□□□□□□□□□□□
□□□□□□□□□□□□□□□□□□□□□□□□□□□□□□□□□□□□□□
□□□□□□□□□□□□□□□□□□□□□□□□□□□□□□□□□□□□□□
□□□□□□□□□□□□□□□□□□□□□□□□□□□□□□□□□□□□□□
□□□□□□□□□□□□□□□□□□□□□□□□□□□□□□□□□□□□□□
□□□□□□□□□□□□□□□□□□□□□□□□□□□□□□□□□□□□□□
□□□□□□□□□□□□□□□□□□□□□□□□□□□□□□□□□□□□□□
□□□□□□□□□□□□□□□□□□□□□□□□□□□□□□□□□□□□□□
□□□□□□□□□□□□□□□□□□□□□□□□□□□□□□□□□□□□□□
Time: 23
Population: 60
□□□□□□□□□□□□□□□□□□□□□□□□□□□□□□□□□□□□□□
□□□□□□□□□□□□□□□□□□□□□□□□□□■■□□□□□□□□□□
□□□□□□□□□□□□□□□□□□□□□□□□■□□■□□□□□□□□□□
□□□□□□□□□□□■□■□□□□□□□□□■□□□□□□□■■■■■□□
□□□□□□□□□□□■□□□■□□□□□□□■□□□□□□■□□□□□■□
□■■□□□□□□□□□□□□■□□□□□□□■□□□□□□□■■□□□■□
□■■□□□□□□□□■□□□□■□□□□□□□■□□■□□□□□□□■□□
□□□□□□□□□□□□□□□■□□□□□□□□□□■■□□□□□□□□□□
□□□□□□□□□□□■□□□■□□□□□□□□□□□□□□□□□□□□□□
□□□□□□□□□□□■□■□□□□□□□□■□■□□□□□□□□□□□□□
□□□□□□□□□□□□□□□□□□□□□□□■■□□□□□□□□□□□□□
□□□□□□□□□□□□□□□□□□□□□□□■□□□□□□□□□□□□□□
□□□□□□□□□□□□□□□□□□□□□□□□□□□□□□□□□□□□□□
□□□□□□□□□□□□□□□□□□□□□□□□□□□□□□□□□□□□□□
□□□□□□□□□□□□□□□□□□□□□□□□□□□□□□□□□□□□□□
□□□□□□□□□□□□□□□□□□□□□□□□□□□□□□□□□□□□□□
□□□□□□□□□□□□□□□□□□□□□□□□□□□□□□□□□□□□□□
□□□□□□□□□□□□□□□□□□□□□□□□□□□□□□□□□□□□□□
□□□□□□□□□□□□□□□□□□□□□□□□□□□□□□□□□□□□□□
□□□□□□□□□□□□□□□□□□□□□□□□□□□□□□□□□□□□□□
Time: 24
Population: 43
□□□□□□□□□□□□□□□□□□□□□□□□□□□□□□□□□□□□□□
□□□□□□□□□□□□□□□□□□□□□□□□□□■■□□□□□□□□□□
□□□□□□□□□□□□□□□□□□□□□□□□□□■■□□□□■■■□□□
□□□□□□□□□□□□■□□□□□□□□□□■■□□□□□□■■■■■□□
□□□□□□□□□□□□■□■□□□□□□□■■■□□□□□■□□□■□■□
□■■□□□□□□□□□□□□■■□□□□□□■■□□□□□□■□□□■■□
□■■□□□□□□□□□□□□■■□□□□□□□□□■■□□□□□□□□□□
□□□□□□□□□□□□□□□■■□□□□□□□□□■■□□□□□□□□□□
□□□□□□□□□□□□■□■□□□□□□□□□□□□□□□□□□□□□□□
□□□□□□□□□□□□■□□□□□□□□□□□■□□□□□□□□□□□□□
□□□□□□□□□□□□□□□□□□□□□□■□■□□□□□□□□□□□□□
□□□□□□□□□□□□□□□□□□□□□□□■■□□□□□□□□□□□□□
□□□□□□□□□□□□□□□□□□□□□□□□□□□□□□□□□□□□□□
□□□□□□□□□□□□□□□□□□□□□□□□□□□□□□□□□□□□□□
□□□□□□□□□□□□□□□□□□□□□□□□□□□□□□□□□□□□□□
□□□□□□□□□□□□□□□□□□□□□□□□□□□□□□□□□□□□□□
□□□□□□□□□□□□□□□□□□□□□□□□□□□□□□□□□□□□□□
□□□□□□□□□□□□□□□□□□□□□□□□□□□□□□□□□□□□□□
□□□□□□□□□□□□□□□□□□□□□□□□□□□□□□□□□□□□□□
□□□□□□□□□□□□□□□□□□□□□□□□□□□□□□□□□□□□□□
Time: 25
Population: 50
□□□□□□□□□□□□□□□□□□□□□□□□□□□□□□□□□□□□□□
□□□□□□□□□□□□□□□□□□□□□□□□□□■■□□□□□■□□□□
□□□□□□□□□□□□□□□□□□□□□□□□□■■■□□□■□□□■□□
□□□□□□□□□□□□□■□□□□□□□□■□■■□□□□□■□□□□□□
□□□□□□□□□□□□□■□■□□□□□□■□□■□□□□■□□□□□■□
□■■□□□□□□□□□□□■□■□□□□□■□■■□□□□□□□□□■■□
□■■□□□□□□□□□□□■□□■□□□□□□□■■■□□□□□□□□□□
□□□□□□□□□□□□□□■□■□□□□□□□□□■■□□□□□□□□□□
□□□□□□□□□□□□□■□■□□□□□□□□□□□□□□□□□□□□□□
□□□□□□□□□□□□□■□□□□□□□□□■□□□□□□□□□□□□□□
□□□□□□□□□□□□□□□□□□□□□□□□■■□□□□□□□□□□□□
□□□□□□□□□□□□□□□□□□□□□□□■■□□□□□□□□□□□□□
□□□□□□□□□□□□□□□□□□□□□□□□□□□□□□□□□□□□□□
□□□□□□□□□□□□□□□□□□□□□□□□□□□□□□□□□□□□□□
□□□□□□□□□□□□□□□□□□□□□□□□□□□□□□□□□□□□□□
□□□□□□□□□□□□□□□□□□□□□□□□□□□□□□□□□□□□□□
□□□□□□□□□□□□□□□□□□□□□□□□□□□□□□□□□□□□□□
□□□□□□□□□□□□□□□□□□□□□□□□□□□□□□□□□□□□□□
□□□□□□□□□□□□□□□□□□□□□□□□□□□□□□□□□□□□□□
□□□□□□□□□□□□□□□□□□□□□□□□□□□□□□□□□□□□□□
Time: 26
Population: 47
□□□□□□□□□□□□□□□□□□□□□□□□□□□□□□□□□□□□□□
□□□□□□□□□□□□□□□□□□□□□□□□□■□■□□□□□□□□□□
□□□□□□□□□□□□□□□□□□□□□□□□■□□■□□□□■□□□□□
□□□□□□□□□□□□□□■□□□□□□□□■■□□□□□■■□□□□□□
□□□□□□□□□□□□□■□■□□□□□■■□□□■□□□□□□□□■■□
□■■□□□□□□□□□□■■□■□□□□□□■■□□□□□□□□□□■■□
□■■□□□□□□□□□□■■□■■□□□□□□■□□■□□□□□□□□□□
□□□□□□□□□□□□□■■□■□□□□□□□□■□■□□□□□□□□□□
□□□□□□□□□□□□□■□■□□□□□□□□□□□□□□□□□□□□□□
□□□□□□□□□□□□□□■□□□□□□□□□■□□□□□□□□□□□□□
□□□□□□□□□□□□□□□□□□□□□□□□□■□□□□□□□□□□□□
□□□□□□□□□□□□□□□□□□□□□□□■■■□□□□□□□□□□□□
□□□□□□□□□□□□□□□□□□□□□□□□□□□□□□□□□□□□□□
□□□□□□□□□□□□□□□□□□□□□□□□□□□□□□□□□□□□□□
□□□□□□□□□□□□□□□□□□□□□□□□□□□□□□□□□□□□□□
□□□□□□□□□□□□□□□□□□□□□□□□□□□□□□□□□□□□□□
□□□□□□□□□□□□□□□□□□□□□□□□□□□□□□□□□□□□□□
□□□□□□□□□□□□□□□□□□□□□□□□□□□□□□□□□□□□□□
□□□□□□□□□□□□□□□□□□□□□□□□□□□□□□□□□□□□□□
□□□□□□□□□□□□□□□□□□□□□□□□□□□□□□□□□□□□□□
Time: 27
Population: 47
□□□□□□□□□□□□□□□□□□□□□□□□□□□□□□□□□□□□□□
□□□□□□□□□□□□□□□□□□□□□□□□□□■□□□□□□□□□□□
□□□□□□□□□□□□□□□□□□□□□□□■■■■□□□□■□□□□□□
□□□□□□□□□□□□□□■□□□□□□□■■■■□□□□□■□□□□□□
□□□□□□□□□□□□□■□■□□□□□□■□□■□□□□□□□□□■■□
□■■□□□□□□□□□■□□□■■□□□□■■■■□□□□□□□□□■■□
□■■□□□□□□□□□■□□□■■□□□□□■■■■□□□□□□□□□□□
□□□□□□□□□□□□■□□□■■□□□□□□□□■□□□□□□□□□□□
□□□□□□□□□□□□□■□■□□□□□□□□□□□□□□□□□□□□□□
□□□□□□□□□□□□□□■□□□□□□□□□□□□□□□□□□□□□□□
□□□□□□□□□□□□□□□□□□□□□□□■□■□□□□□□□□□□□□
□□□□□□□□□□□□□□□□□□□□□□□□■■□□□□□□□□□□□□
□□□□□□□□□□□□□□□□□□□□□□□□■□□□□□□□□□□□□□
□□□□□□□□□□□□□□□□□□□□□□□□□□□□□□□□□□□□□□
□□□□□□□□□□□□□□□□□□□□□□□□□□□□□□□□□□□□□□
□□□□□□□□□□□□□□□□□□□□□□□□□□□□□□□□□□□□□□
□□□□□□□□□□□□□□□□□□□□□□□□□□□□□□□□□□□□□□
□□□□□□□□□□□□□□□□□□□□□□□□□□□□□□□□□□□□□□
□□□□□□□□□□□□□□□□□□□□□□□□□□□□□□□□□□□□□□
□□□□□□□□□□□□□□□□□□□□□□□□□□□□□□□□□□□□□□
Time: 28
Population: 50
□□□□□□□□□□□□□□□□□□□□□□□□□□□□□□□□□□□□□□
□□□□□□□□□□□□□□□□□□□□□□□□■□■□□□□□□□□□□□
□□□□□□□□□□□□□□□□□□□□□□■□□□■□□□□□□□□□□□
□□□□□□□□□□□□□□■□□□□□□□■□□□□□□□□□□□□□□□
□□□□□□□□□□□□□■■■■□□□□■□□□□■□□□□□□□□■■□
□■■□□□□□□□□□■■□■□■□□□□■□□□□□□□□□□□□■■□
□■■□□□□□□□□■■■□■□□■□□□■□□□■□□□□□□□□□□□
□□□□□□□□□□□□■■□■□■□□□□□□■□■□□□□□□□□□□□
□□□□□□□□□□□□□■■■■□□□□□□□□□□□□□□□□□□□□□
□□□□□□□□□□□□□□■□□□□□□□□□□□□□□□□□□□□□□□
□□□□□□□□□□□□□□□□□□□□□□□□□■□□□□□□□□□□□□
□□□□□□□□□□□□□□□□□□□□□□□■□■□□□□□□□□□□□□
□□□□□□□□□□□□□□□□□□□□□□□□■■□□□□□□□□□□□□
□□□□□□□□□□□□□□□□□□□□□□□□□□□□□□□□□□□□□□
□□□□□□□□□□□□□□□□□□□□□□□□□□□□□□□□□□□□□□
□□□□□□□□□□□□□□□□□□□□□□□□□□□□□□□□□□□□□□
□□□□□□□□□□□□□□□□□□□□□□□□□□□□□□□□□□□□□□
□□□□□□□□□□□□□□□□□□□□□□□□□□□□□□□□□□□□□□
□□□□□□□□□□□□□□□□□□□□□□□□□□□□□□□□□□□□□□
□□□□□□□□□□□□□□□□□□□□□□□□□□□□□□□□□□□□□□
Time: 29
Population: 48
